<?xml version="1.0" encoding="UTF-8"?>
<testsuite name="CharacterCounterTest" tests="2" skipped="0" failures="0" errors="0" timestamp="2024-03-25T22:20:26" hostname="MOSI-LAPTOP" time="0.017">
  <properties/>
  <testcase name="testCountOccurrences_Path1()" classname="CharacterCounterTest" time="0.016"/>
  <testcase name="testCountOccurrences_Path2()" classname="CharacterCounterTest" time="0.001"/>
  <system-out><![CDATA[]]></system-out>
  <system-err><![CDATA[]]></system-err>
</testsuite>
